bash: cannot set terminal process group (-1): Inappropriate ioctl for device
bash: no job control in this shell
 
:: initializing oneAPI environment ...
   bash: BASH_VERSION = 5.0.17(1)-release
   args: Using "$@" for setvars.sh arguments: --force
:: compiler -- latest
:: debugger -- latest
:: dev-utilities -- latest
:: dpl -- latest
:: inspector -- latest
:: itac -- latest
:: mpi -- latest
:: tbb -- latest
:: oneAPI environment initialized ::
 
Radii {'O': 1.35, 'Sr': 1.18, 'Ti': 0.42}
No closest distances between the ions were provided
Relying on Shannon radii only
Charges: {'O': -2.0, 'Sr': 2.0, 'Ti': 4.0}
Ewald matrix for cubic system of size 4 was generated
Its max is  3.7643062101434834
Its min is  -3.6933278061884574
open_grid ~ generating matrix took 19.975407600402832 seconds.
Restricted license - for non-production use only - expires 2026-11-23
Variables and Constraints are generated
The objetive function was generated
Set parameter TimeLimit to value 300
Gurobi Optimizer version 12.0.0 build v12.0.0rc1 (linux64 - "Ubuntu 20.04.4 LTS")

CPU model: Intel(R) Xeon(R) CPU E5-2697 v4 @ 2.30GHz, instruction set [SSE2|AVX|AVX2]
Thread count: 36 physical cores, 36 logical processors, using up to 32 threads

Non-default parameters:
TimeLimit  300

Optimize a model with 67 rows, 192 columns and 384 nonzeros
Model fingerprint: 0xc158b6f0
Model has 18336 quadratic objective terms
Variable types: 0 continuous, 192 integer (192 binary)
Coefficient statistics:
  Matrix range     [1e+00, 1e+00]
  Objective range  [0e+00, 0e+00]
  QObjective range [2e-01, 7e+02]
  Bounds range     [1e+00, 1e+00]
  RHS range        [1e+00, 3e+00]
Found heuristic solution: objective 461.9067011
Presolve time: 0.36s
Presolved: 67 rows, 192 columns, 384 nonzeros
Presolved model has 18336 quadratic objective terms
Variable types: 0 continuous, 192 integer (192 binary)

Root relaxation: objective -9.149202e+03, 168 iterations, 0.02 seconds (0.01 work units)

    Nodes    |    Current Node    |     Objective Bounds      |     Work
 Expl Unexpl |  Obj  Depth IntInf | Incumbent    BestBd   Gap | It/Node Time

H    0     0                     436.5861415 -9149.2017  2196%     -    0s
H    0     0                    -158.7578462 -9149.2017  5663%     -    0s
     0     0 -1948.6014    0  160 -158.75785 -1948.6014  1127%     -    0s
     0     0 -1893.4956    0  118 -158.75785 -1893.4956  1093%     -    0s
     0     0 -1721.9352    0    8 -158.75785 -1721.9352   985%     -    0s
     0     0 -1712.2860    0    8 -158.75785 -1712.2860   979%     -    0s
     0     2 -1699.2492    0    8 -158.75785 -1699.2492   970%     -    0s

Cutting planes:
  Lift-and-project: 1
  Implied bound: 16
  MIR: 31
  Flow cover: 220
  RLT: 1

Explored 25761 nodes (131466 simplex iterations) in 1.89 seconds (1.28 work units)
Thread count was 32 (of 36 available processors)

Solution count 5: -158.758 135.936 153.86 ... 461.907
No other solutions better than -158.758

Optimal solution found (tolerance 1.00e-04)
Best objective -1.587578462431e+02, best bound -1.587578462431e+02, gap 0.0000%
open_grid ~ integer programming took 27.054827451705933 seconds.
The Calculated objective energy is -158.758 eeVee
One of positions Sr_20
One of positions O_30
One of positions O_54
One of positions O_60
One of positions Ti_62
The Calculation time is 27.09321355819702 seconds
