2025-02-05:20:54:03KST * 0 * information * 0x56102100dad0 * KIM_LogImplementation.cpp:107 * Log object created.  Default verbosity level is 'information'.
2025-02-05:20:54:03KST * 1 * information * 0x56102100dad0 * KIM_LogImplementation.cpp:119 * Log object destroyed.
2025-02-05:20:54:03KST * 0 * information * 0x56102100dad0 * KIM_LogImplementation.cpp:107 * Log object created.  Default verbosity level is 'information'.
2025-02-05:20:54:03KST * 0 * information * 0x56102100e500 * KIM_LogImplementation.cpp:107 * Log object created.  Default verbosity level is 'information'.
2025-02-05:20:54:03KST * 1 * information * 0x56102100e500 * KIM_LogImplementation.cpp:242 * Log object renamed.  ID changed to '0x56102100dad0_Collections'.
2025-02-05:20:54:03KST * 2 * information * 0x56102100dad0_Collections * KIM_LogImplementation.cpp:246 * Log object renamed.  ID changed from '0x56102100e500'.
2025-02-05:20:54:03KST * 1 * warning * 0x56102100dad0 * KIM_ModelImplementation.cpp:870 * Use of the GetParameterFileName(0, 0x7ffcca811b30). function is deprecated. Please use GetParameterFileBasename() instead.
2025-02-05:20:54:03KST * 3 * information * 0x56102100dad0_Collections * KIM_LogImplementation.cpp:119 * Log object destroyed.
2025-02-05:20:54:03KST * 0 * information * 0x56102100fd60 * KIM_LogImplementation.cpp:107 * Log object created.  Default verbosity level is 'information'.
2025-02-05:20:54:03KST * 1 * information * 0x56102100fd60 * KIM_LogImplementation.cpp:242 * Log object renamed.  ID changed to '0x56102100dad0_0x56102100fd60'.
2025-02-05:20:54:03KST * 2 * information * 0x56102100dad0_0x56102100fd60 * KIM_LogImplementation.cpp:246 * Log object renamed.  ID changed from '0x56102100fd60'.
2025-02-05:20:54:03KST * 3 * information * 0x56102100dad0_0x56102100fd60 * LennardJones612Implementation.cpp:631 * Register argument supportStatus
2025-02-05:20:54:03KST * 4 * information * 0x56102100dad0_0x56102100fd60 * LennardJones612Implementation.cpp:650 * Register callback supportStatus
2025-02-05:20:54:04KST * 0 * information * 0x56102100dad0_0x56102100fd60 * KIM_LogImplementation.cpp:119 * Log object destroyed.
2025-02-05:20:54:04KST * 0 * information * 0x56102100dad0 * KIM_LogImplementation.cpp:119 * Log object destroyed.
2025-02-05:20:54:30KST * 0 * information * 0x55f576848400 * KIM_LogImplementation.cpp:107 * Log object created.  Default verbosity level is 'information'.
2025-02-05:20:54:30KST * 1 * information * 0x55f576848400 * KIM_LogImplementation.cpp:119 * Log object destroyed.
2025-02-05:20:54:30KST * 0 * information * 0x55f576848400 * KIM_LogImplementation.cpp:107 * Log object created.  Default verbosity level is 'information'.
2025-02-05:20:54:30KST * 0 * information * 0x55f576848e30 * KIM_LogImplementation.cpp:107 * Log object created.  Default verbosity level is 'information'.
2025-02-05:20:54:30KST * 1 * information * 0x55f576848e30 * KIM_LogImplementation.cpp:242 * Log object renamed.  ID changed to '0x55f576848400_Collections'.
2025-02-05:20:54:30KST * 2 * information * 0x55f576848400_Collections * KIM_LogImplementation.cpp:246 * Log object renamed.  ID changed from '0x55f576848e30'.
2025-02-05:20:54:30KST * 1 * warning * 0x55f576848400 * KIM_ModelImplementation.cpp:870 * Use of the GetParameterFileName(0, 0x7fff05b16650). function is deprecated. Please use GetParameterFileBasename() instead.
2025-02-05:20:54:30KST * 3 * information * 0x55f576848400_Collections * KIM_LogImplementation.cpp:119 * Log object destroyed.
2025-02-05:20:54:30KST * 0 * information * 0x55f57684a690 * KIM_LogImplementation.cpp:107 * Log object created.  Default verbosity level is 'information'.
2025-02-05:20:54:30KST * 1 * information * 0x55f57684a690 * KIM_LogImplementation.cpp:242 * Log object renamed.  ID changed to '0x55f576848400_0x55f57684a690'.
2025-02-05:20:54:30KST * 2 * information * 0x55f576848400_0x55f57684a690 * KIM_LogImplementation.cpp:246 * Log object renamed.  ID changed from '0x55f57684a690'.
2025-02-05:20:54:30KST * 3 * information * 0x55f576848400_0x55f57684a690 * LennardJones612Implementation.cpp:631 * Register argument supportStatus
2025-02-05:20:54:30KST * 4 * information * 0x55f576848400_0x55f57684a690 * LennardJones612Implementation.cpp:650 * Register callback supportStatus
2025-02-05:20:54:30KST * 5 * information * 0x55f576848400_0x55f57684a690 * KIM_LogImplementation.cpp:119 * Log object destroyed.
2025-02-05:20:54:30KST * 2 * information * 0x55f576848400 * KIM_LogImplementation.cpp:119 * Log object destroyed.
2025-02-05:20:56:31KST * 0 * information * 0x5631cc44fad0 * KIM_LogImplementation.cpp:107 * Log object created.  Default verbosity level is 'information'.
2025-02-05:20:56:31KST * 1 * information * 0x5631cc44fad0 * KIM_LogImplementation.cpp:119 * Log object destroyed.
2025-02-05:20:56:31KST * 0 * information * 0x5631cc44fad0 * KIM_LogImplementation.cpp:107 * Log object created.  Default verbosity level is 'information'.
2025-02-05:20:56:31KST * 0 * information * 0x5631cc450500 * KIM_LogImplementation.cpp:107 * Log object created.  Default verbosity level is 'information'.
2025-02-05:20:56:31KST * 1 * information * 0x5631cc450500 * KIM_LogImplementation.cpp:242 * Log object renamed.  ID changed to '0x5631cc44fad0_Collections'.
2025-02-05:20:56:31KST * 2 * information * 0x5631cc44fad0_Collections * KIM_LogImplementation.cpp:246 * Log object renamed.  ID changed from '0x5631cc450500'.
2025-02-05:20:56:31KST * 1 * warning * 0x5631cc44fad0 * KIM_ModelImplementation.cpp:870 * Use of the GetParameterFileName(0, 0x7ffe8471d100). function is deprecated. Please use GetParameterFileBasename() instead.
2025-02-05:20:56:31KST * 3 * information * 0x5631cc44fad0_Collections * KIM_LogImplementation.cpp:119 * Log object destroyed.
2025-02-05:20:56:31KST * 0 * information * 0x5631cc451d60 * KIM_LogImplementation.cpp:107 * Log object created.  Default verbosity level is 'information'.
2025-02-05:20:56:31KST * 1 * information * 0x5631cc451d60 * KIM_LogImplementation.cpp:242 * Log object renamed.  ID changed to '0x5631cc44fad0_0x5631cc451d60'.
2025-02-05:20:56:31KST * 2 * information * 0x5631cc44fad0_0x5631cc451d60 * KIM_LogImplementation.cpp:246 * Log object renamed.  ID changed from '0x5631cc451d60'.
2025-02-05:20:56:31KST * 3 * information * 0x5631cc44fad0_0x5631cc451d60 * LennardJones612Implementation.cpp:631 * Register argument supportStatus
2025-02-05:20:56:31KST * 4 * information * 0x5631cc44fad0_0x5631cc451d60 * LennardJones612Implementation.cpp:650 * Register callback supportStatus
2025-02-05:20:56:32KST * 0 * information * 0x5631cc44fad0_0x5631cc451d60 * KIM_LogImplementation.cpp:119 * Log object destroyed.
2025-02-05:20:56:32KST * 0 * information * 0x5631cc44fad0 * KIM_LogImplementation.cpp:119 * Log object destroyed.
2025-02-05:21:06:37KST * 0 * information * 0x557615ef3ad0 * KIM_LogImplementation.cpp:107 * Log object created.  Default verbosity level is 'information'.
2025-02-05:21:06:37KST * 1 * information * 0x557615ef3ad0 * KIM_LogImplementation.cpp:119 * Log object destroyed.
2025-02-05:21:06:37KST * 0 * information * 0x557615ef3ad0 * KIM_LogImplementation.cpp:107 * Log object created.  Default verbosity level is 'information'.
2025-02-05:21:06:37KST * 0 * information * 0x557615ef4500 * KIM_LogImplementation.cpp:107 * Log object created.  Default verbosity level is 'information'.
2025-02-05:21:06:37KST * 1 * information * 0x557615ef4500 * KIM_LogImplementation.cpp:242 * Log object renamed.  ID changed to '0x557615ef3ad0_Collections'.
2025-02-05:21:06:37KST * 2 * information * 0x557615ef3ad0_Collections * KIM_LogImplementation.cpp:246 * Log object renamed.  ID changed from '0x557615ef4500'.
2025-02-05:21:06:37KST * 1 * warning * 0x557615ef3ad0 * KIM_ModelImplementation.cpp:870 * Use of the GetParameterFileName(0, 0x7ffd679c9f60). function is deprecated. Please use GetParameterFileBasename() instead.
2025-02-05:21:06:37KST * 3 * information * 0x557615ef3ad0_Collections * KIM_LogImplementation.cpp:119 * Log object destroyed.
2025-02-05:21:06:37KST * 0 * information * 0x557615ef5d60 * KIM_LogImplementation.cpp:107 * Log object created.  Default verbosity level is 'information'.
2025-02-05:21:06:37KST * 1 * information * 0x557615ef5d60 * KIM_LogImplementation.cpp:242 * Log object renamed.  ID changed to '0x557615ef3ad0_0x557615ef5d60'.
2025-02-05:21:06:37KST * 2 * information * 0x557615ef3ad0_0x557615ef5d60 * KIM_LogImplementation.cpp:246 * Log object renamed.  ID changed from '0x557615ef5d60'.
2025-02-05:21:06:37KST * 3 * information * 0x557615ef3ad0_0x557615ef5d60 * LennardJones612Implementation.cpp:631 * Register argument supportStatus
2025-02-05:21:06:37KST * 4 * information * 0x557615ef3ad0_0x557615ef5d60 * LennardJones612Implementation.cpp:650 * Register callback supportStatus
2025-02-05:21:06:38KST * 0 * information * 0x557615ef3ad0_0x557615ef5d60 * KIM_LogImplementation.cpp:119 * Log object destroyed.
2025-02-05:21:06:38KST * 0 * information * 0x557615ef3ad0 * KIM_LogImplementation.cpp:119 * Log object destroyed.
2025-02-05:21:11:55KST * 0 * information * 0x55def71e5970 * KIM_LogImplementation.cpp:107 * Log object created.  Default verbosity level is 'information'.
2025-02-05:21:11:55KST * 1 * information * 0x55def71e5970 * KIM_LogImplementation.cpp:119 * Log object destroyed.
2025-02-05:21:11:55KST * 0 * information * 0x55def71e5970 * KIM_LogImplementation.cpp:107 * Log object created.  Default verbosity level is 'information'.
2025-02-05:21:11:55KST * 0 * information * 0x55def71e63a0 * KIM_LogImplementation.cpp:107 * Log object created.  Default verbosity level is 'information'.
2025-02-05:21:11:55KST * 1 * information * 0x55def71e63a0 * KIM_LogImplementation.cpp:242 * Log object renamed.  ID changed to '0x55def71e5970_Collections'.
2025-02-05:21:11:55KST * 2 * information * 0x55def71e5970_Collections * KIM_LogImplementation.cpp:246 * Log object renamed.  ID changed from '0x55def71e63a0'.
2025-02-05:21:11:56KST * 0 * warning * 0x55def71e5970 * KIM_ModelImplementation.cpp:870 * Use of the GetParameterFileName(0, 0x7ffd606526f0). function is deprecated. Please use GetParameterFileBasename() instead.
2025-02-05:21:11:56KST * 0 * information * 0x55def71e5970_Collections * KIM_LogImplementation.cpp:119 * Log object destroyed.
2025-02-05:21:11:56KST * 0 * information * 0x55def71e74a0 * KIM_LogImplementation.cpp:107 * Log object created.  Default verbosity level is 'information'.
2025-02-05:21:11:56KST * 1 * information * 0x55def71e74a0 * KIM_LogImplementation.cpp:242 * Log object renamed.  ID changed to '0x55def71e5970_0x55def71e74a0'.
2025-02-05:21:11:56KST * 2 * information * 0x55def71e5970_0x55def71e74a0 * KIM_LogImplementation.cpp:246 * Log object renamed.  ID changed from '0x55def71e74a0'.
2025-02-05:21:11:56KST * 3 * information * 0x55def71e5970_0x55def71e74a0 * EAM_Implementation.cpp:1561 * Register argument supportStatus
2025-02-05:21:11:56KST * 4 * information * 0x55def71e5970_0x55def71e74a0 * EAM_Implementation.cpp:1580 * Register callback supportStatus
2025-02-05:21:11:58KST * 0 * information * 0x55def71e5970_0x55def71e74a0 * KIM_LogImplementation.cpp:119 * Log object destroyed.
2025-02-05:21:11:58KST * 0 * information * 0x55def71e5970 * KIM_LogImplementation.cpp:119 * Log object destroyed.
